<?xml version="1.0" encoding="utf-8"?><testsuites name="pytest tests"><testsuite name="pytest" errors="0" failures="1" skipped="0" tests="10" time="4.877" timestamp="2026-06-11T14:38:49.719517+00:00" hostname="agent-env-03e1a580-bcc2-454c-8c22-394d2134066b"><testcase classname="backend.tests.test_pokevalue_api" name="test_root_ok" time="0.274" /><testcase classname="backend.tests.test_pokevalue_api.TestScanCounter" name="test_initial_count_is_zero" time="0.112" /><testcase classname="backend.tests.test_pokevalue_api.TestScanCounter" name="test_increment_count" time="0.400" /><testcase classname="backend.tests.test_pokevalue_api.TestScanCounter" name="test_upgrade_sets_pro" time="0.256" /><testcase classname="backend.tests.test_pokevalue_api" name="test_price_charizard" time="0.727"><failure message="assert False&#10; +  where False = &lt;built-in method startswith of str object at 0xf9fedb1c10c0&gt;('charizard')&#10; +    where &lt;built-in method startswith of str object at 0xf9fedb1c10c0&gt; = &quot;blaine's charizard&quot;.startswith&#10; +      where &quot;blaine's charizard&quot; = &lt;built-in method lower of str object at 0xf9fedb153910&gt;()&#10; +        where &lt;built-in method lower of str object at 0xf9fedb153910&gt; = &quot;Blaine's Charizard&quot;.lower">backend/tests/test_pokevalue_api.py:56: in test_price_charizard
    assert body["name"].lower().startswith("charizard")
E   assert False
E    +  where False = &lt;built-in method startswith of str object at 0xf9fedb1c10c0&gt;('charizard')
E    +    where &lt;built-in method startswith of str object at 0xf9fedb1c10c0&gt; = "blaine's charizard".startswith
E    +      where "blaine's charizard" = &lt;built-in method lower of str object at 0xf9fedb153910&gt;()
E    +        where &lt;built-in method lower of str object at 0xf9fedb153910&gt; = "Blaine's Charizard".lower</failure></testcase><testcase classname="backend.tests.test_pokevalue_api" name="test_price_unknown_returns_404" time="0.319" /><testcase classname="backend.tests.test_pokevalue_api.TestPortfolio" name="test_save_card" time="0.111" /><testcase classname="backend.tests.test_pokevalue_api.TestPortfolio" name="test_get_portfolio_returns_saved_card" time="0.097" /><testcase classname="backend.tests.test_pokevalue_api.TestPortfolio" name="test_delete_card" time="0.215" /><testcase classname="backend.tests.test_pokevalue_api" name="test_scan_analyze_real_card" time="2.322" /></testsuite></testsuites>