<?xml version="1.0" encoding="utf-8"?><testsuites name="pytest tests"><testsuite name="pytest" errors="0" failures="0" skipped="1" tests="11" time="3.787" timestamp="2026-06-15T10:06:57.602173+00:00" hostname="agent-env-03e1a580-bcc2-454c-8c22-394d2134066b"><testcase classname="backend.tests.test_pokevalue_api" name="test_root_ok" time="0.221" /><testcase classname="backend.tests.test_pokevalue_api.TestScanCounter" name="test_initial_count_is_zero" time="0.127" /><testcase classname="backend.tests.test_pokevalue_api.TestScanCounter" name="test_increment_count" time="0.353" /><testcase classname="backend.tests.test_pokevalue_api.TestScanCounter" name="test_upgrade_sets_pro" time="0.224" /><testcase classname="backend.tests.test_pokevalue_api" name="test_price_charizard_full_fields" time="0.588" /><testcase classname="backend.tests.test_pokevalue_api" name="test_price_pikachu_cardmarket_priority" time="0.553" /><testcase classname="backend.tests.test_pokevalue_api" name="test_price_unknown_returns_404" time="1.249" /><testcase classname="backend.tests.test_pokevalue_api.TestPortfolio" name="test_save_card" time="0.109" /><testcase classname="backend.tests.test_pokevalue_api.TestPortfolio" name="test_get_portfolio_returns_saved_card" time="0.139" /><testcase classname="backend.tests.test_pokevalue_api.TestPortfolio" name="test_delete_card" time="0.189" /><testcase classname="backend.tests.test_pokevalue_api" name="test_scan_analyze_real_card" time="0.001"><skipped type="pytest.skip" message="test card image not available">/app/backend/tests/test_pokevalue_api.py:161: test card image not available</skipped></testcase></testsuite></testsuites>