<?xml version="1.0" encoding="utf-8"?><testsuites name="pytest tests"><testsuite name="pytest" errors="0" failures="0" skipped="0" tests="4" time="3.391" timestamp="2026-06-15T18:32:15.756355+00:00" hostname="agent-env-03e1a580-bcc2-454c-8c22-394d2134066b"><testcase classname="backend.tests.test_pro_state_preservation" name="test_upgrade_flips_is_pro_true" time="0.311" /><testcase classname="backend.tests.test_pro_state_preservation" name="test_increment_preserves_is_pro_across_multiple_calls" time="0.997" /><testcase classname="backend.tests.test_pro_state_preservation" name="test_save_card_does_not_touch_scan_counters" time="0.905" /><testcase classname="backend.tests.test_pro_state_preservation" name="test_full_user_journey_paywall_to_save_to_scan" time="1.155" /></testsuite></testsuites>