<?xml version="1.0" encoding="utf-8"?><testsuites name="pytest tests"><testsuite name="pytest" errors="0" failures="0" skipped="0" tests="13" time="23.116" timestamp="2026-06-15T19:48:09.070886+00:00" hostname="agent-env-03e1a580-bcc2-454c-8c22-394d2134066b"><testcase classname="backend.tests.test_manual_search.TestListSets" name="test_list_sets_returns_list" time="1.654" /><testcase classname="backend.tests.test_manual_search.TestListSets" name="test_set_shape" time="0.113" /><testcase classname="backend.tests.test_manual_search.TestListSets" name="test_sets_newest_first" time="0.167" /><testcase classname="backend.tests.test_manual_search.TestListSets" name="test_base1_is_present" time="0.096" /><testcase classname="backend.tests.test_manual_search.TestListSets" name="test_sets_cached" time="0.253" /><testcase classname="backend.tests.test_manual_search.TestFindCard" name="test_charizard_base_4" time="1.488" /><testcase classname="backend.tests.test_manual_search.TestFindCard" name="test_response_shape_matches_price" time="0.807" /><testcase classname="backend.tests.test_manual_search.TestFindCard" name="test_invalid_number_returns_404" time="0.285" /><testcase classname="backend.tests.test_manual_search.TestFindCard" name="test_invalid_set_returns_404" time="1.398" /><testcase classname="backend.tests.test_manual_search.TestFindCard" name="test_empty_set_id_returns_422_or_400" time="0.125" /><testcase classname="backend.tests.test_manual_search.TestFindCard" name="test_empty_number_returns_400_or_422" time="0.103" /><testcase classname="backend.tests.test_manual_search.TestFindCard" name="test_missing_set_id_returns_422" time="0.100" /><testcase classname="backend.tests.test_manual_search.TestFindCard" name="test_number_with_slash_handled" time="16.489" /></testsuite></testsuites>