<?xml version="1.0" encoding="utf-8"?><testsuites name="pytest tests"><testsuite name="pytest" errors="0" failures="0" skipped="0" tests="12" time="25.587" timestamp="2026-06-15T22:31:27.186604+00:00" hostname="agent-env-03e1a580-bcc2-454c-8c22-394d2134066b"><testcase classname="backend.tests.test_cards_search.TestCardsSearch" name="test_chari_in_sv3pt5" time="18.020" /><testcase classname="backend.tests.test_cards_search.TestCardsSearch" name="test_pikachu_in_sv1_actually_404" time="0.353" /><testcase classname="backend.tests.test_cards_search.TestCardsSearch" name="test_pikachu_in_sv3pt5" time="0.536" /><testcase classname="backend.tests.test_cards_search.TestCardsSearch" name="test_no_match_returns_404" time="0.443" /><testcase classname="backend.tests.test_cards_search.TestCardsSearch" name="test_missing_set_id" time="0.111" /><testcase classname="backend.tests.test_cards_search.TestCardsSearch" name="test_missing_name" time="0.106" /><testcase classname="backend.tests.test_cards_search.TestCardsSearch" name="test_empty_set_id_returns_400_or_422" time="0.096" /><testcase classname="backend.tests.test_cards_search.TestCardsSearch" name="test_empty_name_returns_400_or_422" time="0.106" /><testcase classname="backend.tests.test_cards_search.TestCardsSearch" name="test_shape_matches_price_response" time="3.256" /><testcase classname="backend.tests.test_cards_search.TestNonRegression" name="test_cards_find_tarountula" time="0.756" /><testcase classname="backend.tests.test_cards_search.TestNonRegression" name="test_price_pikachu" time="0.585" /><testcase classname="backend.tests.test_cards_search.TestNonRegression" name="test_sets_still_works" time="1.173" /></testsuite></testsuites>